{"D:\\Универ\\6 семестр\\AQA\\Software-Testing\\lab7\\todo-app\\todo.js": {"path":"D:\\Универ\\6 семестр\\AQA\\Software-Testing\\lab7\\todo-app\\todo.js","statementMap":{"0":{"start":{"line":1,"column":12},"end":{"line":1,"column":14}},"1":{"start":{"line":3,"column":16},"end":{"line":8,"column":3}},"2":{"start":{"line":4,"column":4},"end":{"line":4,"column":55}},"3":{"start":{"line":4,"column":15},"end":{"line":4,"column":55}},"4":{"start":{"line":5,"column":20},"end":{"line":5,"column":68}},"5":{"start":{"line":6,"column":4},"end":{"line":6,"column":24}},"6":{"start":{"line":7,"column":4},"end":{"line":7,"column":19}},"7":{"start":{"line":10,"column":19},"end":{"line":14,"column":1}},"8":{"start":{"line":11,"column":16},"end":{"line":11,"column":55}},"9":{"start":{"line":11,"column":40},"end":{"line":11,"column":54}},"10":{"start":{"line":12,"column":2},"end":{"line":12,"column":54}},"11":{"start":{"line":12,"column":20},"end":{"line":12,"column":54}},"12":{"start":{"line":13,"column":2},"end":{"line":13,"column":35}},"13":{"start":{"line":16,"column":17},"end":{"line":18,"column":1}},"14":{"start":{"line":17,"column":2},"end":{"line":17,"column":15}},"15":{"start":{"line":19,"column":19},"end":{"line":24,"column":3}},"16":{"start":{"line":20,"column":18},"end":{"line":20,"column":57}},"17":{"start":{"line":20,"column":42},"end":{"line":20,"column":56}},"18":{"start":{"line":21,"column":4},"end":{"line":21,"column":56}},"19":{"start":{"line":21,"column":22},"end":{"line":21,"column":56}},"20":{"start":{"line":22,"column":4},"end":{"line":22,"column":32}},"21":{"start":{"line":23,"column":4},"end":{"line":23,"column":24}},"22":{"start":{"line":26,"column":31},"end":{"line":30,"column":3}},"23":{"start":{"line":27,"column":17},"end":{"line":27,"column":32}},"24":{"start":{"line":28,"column":4},"end":{"line":28,"column":49}},"25":{"start":{"line":28,"column":15},"end":{"line":28,"column":49}},"26":{"start":{"line":29,"column":4},"end":{"line":29,"column":37}},"27":{"start":{"line":32,"column":22},"end":{"line":34,"column":3}},"28":{"start":{"line":33,"column":4},"end":{"line":33,"column":46}},"29":{"start":{"line":33,"column":30},"end":{"line":33,"column":44}},"30":{"start":{"line":36,"column":2},"end":{"line":36,"column":100}}},"fnMap":{"0":{"name":"(anonymous_0)","decl":{"start":{"line":3,"column":16},"end":{"line":3,"column":17}},"loc":{"start":{"line":3,"column":26},"end":{"line":8,"column":3}},"line":3},"1":{"name":"(anonymous_1)","decl":{"start":{"line":10,"column":19},"end":{"line":10,"column":20}},"loc":{"start":{"line":10,"column":27},"end":{"line":14,"column":1}},"line":10},"2":{"name":"(anonymous_2)","decl":{"start":{"line":11,"column":32},"end":{"line":11,"column":33}},"loc":{"start":{"line":11,"column":40},"end":{"line":11,"column":54}},"line":11},"3":{"name":"(anonymous_3)","decl":{"start":{"line":16,"column":17},"end":{"line":16,"column":18}},"loc":{"start":{"line":16,"column":23},"end":{"line":18,"column":1}},"line":16},"4":{"name":"(anonymous_4)","decl":{"start":{"line":19,"column":19},"end":{"line":19,"column":20}},"loc":{"start":{"line":19,"column":36},"end":{"line":24,"column":3}},"line":19},"5":{"name":"(anonymous_5)","decl":{"start":{"line":20,"column":34},"end":{"line":20,"column":35}},"loc":{"start":{"line":20,"column":42},"end":{"line":20,"column":56}},"line":20},"6":{"name":"(anonymous_6)","decl":{"start":{"line":26,"column":31},"end":{"line":26,"column":32}},"loc":{"start":{"line":26,"column":39},"end":{"line":30,"column":3}},"line":26},"7":{"name":"(anonymous_7)","decl":{"start":{"line":32,"column":22},"end":{"line":32,"column":23}},"loc":{"start":{"line":32,"column":30},"end":{"line":34,"column":3}},"line":32},"8":{"name":"(anonymous_8)","decl":{"start":{"line":33,"column":22},"end":{"line":33,"column":23}},"loc":{"start":{"line":33,"column":30},"end":{"line":33,"column":44}},"line":33}},"branchMap":{"0":{"loc":{"start":{"line":4,"column":4},"end":{"line":4,"column":55}},"type":"if","locations":[{"start":{"line":4,"column":4},"end":{"line":4,"column":55}},{"start":{},"end":{}}],"line":4},"1":{"loc":{"start":{"line":12,"column":2},"end":{"line":12,"column":54}},"type":"if","locations":[{"start":{"line":12,"column":2},"end":{"line":12,"column":54}},{"start":{},"end":{}}],"line":12},"2":{"loc":{"start":{"line":21,"column":4},"end":{"line":21,"column":56}},"type":"if","locations":[{"start":{"line":21,"column":4},"end":{"line":21,"column":56}},{"start":{},"end":{}}],"line":21},"3":{"loc":{"start":{"line":28,"column":4},"end":{"line":28,"column":49}},"type":"if","locations":[{"start":{"line":28,"column":4},"end":{"line":28,"column":49}},{"start":{},"end":{}}],"line":28}},"s":{"0":1,"1":1,"2":8,"3":1,"4":7,"5":7,"6":7,"7":1,"8":7,"9":6,"10":7,"11":1,"12":6,"13":1,"14":24,"15":1,"16":2,"17":1,"18":2,"19":1,"20":1,"21":1,"22":1,"23":2,"24":2,"25":1,"26":1,"27":1,"28":4,"29":3,"30":1},"f":{"0":8,"1":7,"2":6,"3":24,"4":2,"5":1,"6":2,"7":4,"8":3},"b":{"0":[1,7],"1":[1,6],"2":[1,1],"3":[1,1]},"_coverageSchema":"1a1c01bbd47fc00a2c39e90264f33305004495a9","hash":"a607d5624bcb89b6d620ae4498f8e70329563b90"}
}
