TN:
SF:todo.js
FN:3,(anonymous_0)
FN:10,(anonymous_1)
FN:11,(anonymous_2)
FN:16,(anonymous_3)
FN:19,(anonymous_4)
FN:20,(anonymous_5)
FN:26,(anonymous_6)
FN:32,(anonymous_7)
FN:33,(anonymous_8)
FNF:9
FNH:9
FNDA:8,(anonymous_0)
FNDA:7,(anonymous_1)
FNDA:6,(anonymous_2)
FNDA:24,(anonymous_3)
FNDA:2,(anonymous_4)
FNDA:1,(anonymous_5)
FNDA:2,(anonymous_6)
FNDA:4,(anonymous_7)
FNDA:3,(anonymous_8)
DA:1,1
DA:3,1
DA:4,8
DA:5,7
DA:6,7
DA:7,7
DA:10,1
DA:11,7
DA:12,7
DA:13,6
DA:16,1
DA:17,24
DA:19,1
DA:20,2
DA:21,2
DA:22,1
DA:23,1
DA:26,1
DA:27,2
DA:28,2
DA:29,1
DA:32,1
DA:33,4
DA:36,1
LF:24
LH:24
BRDA:4,0,0,1
BRDA:4,0,1,7
BRDA:12,1,0,1
BRDA:12,1,1,6
BRDA:21,2,0,1
BRDA:21,2,1,1
BRDA:28,3,0,1
BRDA:28,3,1,1
BRF:8
BRH:8
end_of_record
